This is pdfTeX, Version 3.1415926-2.5-1.40.14 (MiKTeX 2.9) (preloaded format=pdflatex 2014.11.18)  20 NOV 2014 00:02
entering extended mode
**Report_HuanxiangWang_14333168.tex
(D:\TCD\GPU\Paper\Report\Report_HuanxiangWang_14333168.tex
LaTeX2e <2011/06/27>
Babel <v3.8m> and hyphenation patterns for english, afrikaans, ancientgreek, ar
abic, armenian, assamese, basque, bengali, bokmal, bulgarian, catalan, coptic, 
croatian, czech, danish, dutch, esperanto, estonian, farsi, finnish, french, ga
lician, german, german-x-2013-05-26, greek, gujarati, hindi, hungarian, iceland
ic, indonesian, interlingua, irish, italian, kannada, kurmanji, latin, latvian,
 lithuanian, malayalam, marathi, mongolian, mongolianlmc, monogreek, ngerman, n
german-x-2013-05-26, nynorsk, oriya, panjabi, pinyin, polish, portuguese, roman
ian, russian, sanskrit, serbian, slovak, slovenian, spanish, swedish, swissgerm
an, tamil, telugu, turkish, turkmen, ukenglish, ukrainian, uppersorbian, usengl
ishmax, welsh, loaded.
("D:\Program Files (x86)\MiKTeX 2.9\tex\latex\base\report.cls"
Document Class: report 2007/10/19 v1.4h Standard LaTeX document class
("D:\Program Files (x86)\MiKTeX 2.9\tex\latex\base\size12.clo"
File: size12.clo 2007/10/19 v1.4h Standard LaTeX file (size option)
)
\c@part=\count79
\c@chapter=\count80
\c@section=\count81
\c@subsection=\count82
\c@subsubsection=\count83
\c@paragraph=\count84
\c@subparagraph=\count85
\c@figure=\count86
\c@table=\count87
\abovecaptionskip=\skip41
\belowcaptionskip=\skip42
\bibindent=\dimen102
)
(D:\TCD\GPU\Paper\Report\tcdthesis.sty
****************************************************************
** TCD Thesis Style File, version 2.0, March 2005 
** Written by Dinesh Das 
** Dept. of Computer Sciences 
** The University of Texas at Austin 
** Modified by Bert Kay, James A. Bednar, and Ayman El-Khashab 
** Modified by Ross Brennan for use in Trinity College Dublin 
****************************************************************
\@tmplength=\skip43
\hour=\count88
\minute=\count89
\dow=\count90
\leap=\count91
\x=\count92
\y=\count93
) ("D:\Program Files (x86)\MiKTeX 2.9\tex\latex\graphics\graphicx.sty"
Package: graphicx 1999/02/16 v1.0f Enhanced LaTeX Graphics (DPC,SPQR)

("D:\Program Files (x86)\MiKTeX 2.9\tex\latex\graphics\keyval.sty"
Package: keyval 1999/03/16 v1.13 key=value parser (DPC)
\KV@toks@=\toks14
)
("D:\Program Files (x86)\MiKTeX 2.9\tex\latex\graphics\graphics.sty"
Package: graphics 2009/02/05 v1.0o Standard LaTeX Graphics (DPC,SPQR)

("D:\Program Files (x86)\MiKTeX 2.9\tex\latex\graphics\trig.sty"
Package: trig 1999/03/16 v1.09 sin cos tan (DPC)
)
("D:\Program Files (x86)\MiKTeX 2.9\tex\latex\00miktex\graphics.cfg"
File: graphics.cfg 2007/01/18 v1.5 graphics configuration of teTeX/TeXLive
)
Package graphics Info: Driver file: pdftex.def on input line 91.

("D:\Program Files (x86)\MiKTeX 2.9\tex\latex\pdftex-def\pdftex.def"
File: pdftex.def 2011/05/27 v0.06d Graphics/color for pdfTeX

("D:\Program Files (x86)\MiKTeX 2.9\tex\generic\oberdiek\infwarerr.sty"
Package: infwarerr 2010/04/08 v1.3 Providing info/warning/error messages (HO)
)
("D:\Program Files (x86)\MiKTeX 2.9\tex\generic\oberdiek\ltxcmds.sty"
Package: ltxcmds 2011/11/09 v1.22 LaTeX kernel commands for general use (HO)
)
\Gread@gobject=\count94
))
\Gin@req@height=\dimen103
\Gin@req@width=\dimen104
)
("D:\Program Files (x86)\MiKTeX 2.9\tex\latex\graphics\color.sty"
Package: color 2005/11/14 v1.0j Standard LaTeX Color (DPC)

("D:\Program Files (x86)\MiKTeX 2.9\tex\latex\00miktex\color.cfg"
File: color.cfg 2007/01/18 v1.5 color configuration of teTeX/TeXLive
)
Package color Info: Driver file: pdftex.def on input line 130.
)
("D:\Program Files (x86)\MiKTeX 2.9\tex\latex\ltxmisc\anysize.sty"
Package: anysize 1994/08/13 1.0 Contributed LaTeX2e package

Package: `anysize' 1.0 <1994/08/13>
\@Leftmargin=\dimen105
\@Rightmargin=\dimen106
\@Topmargin=\dimen107
\@Bottommargin=\dimen108
) ("D:\Program Files (x86)\MiKTeX 2.9\tex\latex\amsmath\amsmath.sty"
Package: amsmath 2013/01/14 v2.14 AMS math features
\@mathmargin=\skip44

For additional information on amsmath, use the `?' option.
("D:\Program Files (x86)\MiKTeX 2.9\tex\latex\amsmath\amstext.sty"
Package: amstext 2000/06/29 v2.01

("D:\Program Files (x86)\MiKTeX 2.9\tex\latex\amsmath\amsgen.sty"
File: amsgen.sty 1999/11/30 v2.0
\@emptytoks=\toks15
\ex@=\dimen109
))
("D:\Program Files (x86)\MiKTeX 2.9\tex\latex\amsmath\amsbsy.sty"
Package: amsbsy 1999/11/29 v1.2d
\pmbraise@=\dimen110
)
("D:\Program Files (x86)\MiKTeX 2.9\tex\latex\amsmath\amsopn.sty"
Package: amsopn 1999/12/14 v2.01 operator names
)
\inf@bad=\count95
LaTeX Info: Redefining \frac on input line 210.
\uproot@=\count96
\leftroot@=\count97
LaTeX Info: Redefining \overline on input line 306.
\classnum@=\count98
\DOTSCASE@=\count99
LaTeX Info: Redefining \ldots on input line 378.
LaTeX Info: Redefining \dots on input line 381.
LaTeX Info: Redefining \cdots on input line 466.
\Mathstrutbox@=\box26
\strutbox@=\box27
\big@size=\dimen111
LaTeX Font Info:    Redeclaring font encoding OML on input line 566.
LaTeX Font Info:    Redeclaring font encoding OMS on input line 567.
\macc@depth=\count100
\c@MaxMatrixCols=\count101
\dotsspace@=\muskip10
\c@parentequation=\count102
\dspbrk@lvl=\count103
\tag@help=\toks16
\row@=\count104
\column@=\count105
\maxfields@=\count106
\andhelp@=\toks17
\eqnshift@=\dimen112
\alignsep@=\dimen113
\tagshift@=\dimen114
\tagwidth@=\dimen115
\totwidth@=\dimen116
\lineht@=\dimen117
\@envbody=\toks18
\multlinegap=\skip45
\multlinetaggap=\skip46
\mathdisplay@stack=\toks19
LaTeX Info: Redefining \[ on input line 2665.
LaTeX Info: Redefining \] on input line 2666.
)
("D:\Program Files (x86)\MiKTeX 2.9\tex\latex\xcolor\xcolor.sty"
Package: xcolor 2007/01/21 v2.11 LaTeX color extensions (UK)

("D:\Program Files (x86)\MiKTeX 2.9\tex\latex\00miktex\color.cfg"
File: color.cfg 2007/01/18 v1.5 color configuration of teTeX/TeXLive
)
Package xcolor Info: Driver file: pdftex.def on input line 225.
LaTeX Info: Redefining \color on input line 702.
Package xcolor Info: Model `cmy' substituted by `cmy0' on input line 1337.
Package xcolor Info: Model `hsb' substituted by `rgb' on input line 1341.
Package xcolor Info: Model `RGB' extended on input line 1353.
Package xcolor Info: Model `HTML' substituted by `rgb' on input line 1355.
Package xcolor Info: Model `Hsb' substituted by `hsb' on input line 1356.
Package xcolor Info: Model `tHsb' substituted by `hsb' on input line 1357.
Package xcolor Info: Model `HSB' substituted by `hsb' on input line 1358.
Package xcolor Info: Model `Gray' substituted by `gray' on input line 1359.
Package xcolor Info: Model `wave' substituted by `hsb' on input line 1360.
)
("D:\Program Files (x86)\MiKTeX 2.9\tex\latex\listings\listings.sty"
\lst@mode=\count107
\lst@gtempboxa=\box28
\lst@token=\toks20
\lst@length=\count108
\lst@currlwidth=\dimen118
\lst@column=\count109
\lst@pos=\count110
\lst@lostspace=\dimen119
\lst@width=\dimen120
\lst@newlines=\count111
\lst@lineno=\count112
\lst@maxwidth=\dimen121

("D:\Program Files (x86)\MiKTeX 2.9\tex\latex\listings\lstmisc.sty"
File: lstmisc.sty 2014/09/06 1.5e (Carsten Heinz)
\c@lstnumber=\count113
\lst@skipnumbers=\count114
\lst@framebox=\box29
)
("D:\Program Files (x86)\MiKTeX 2.9\tex\latex\listings\listings.cfg"
File: listings.cfg 2014/09/06 1.5e listings configuration
))
Package: listings 2014/09/06 1.5e (Carsten Heinz)

("D:\Program Files (x86)\MiKTeX 2.9\tex\latex\listings\lstlang1.sty"
File: lstlang1.sty 2014/09/06 1.5e listings language file
)
("D:\Program Files (x86)\MiKTeX 2.9\tex\latex\listings\lstlang1.sty"
File: lstlang1.sty 2014/09/06 1.5e listings language file
)
("D:\Program Files (x86)\MiKTeX 2.9\tex\latex\listings\lstmisc.sty"
File: lstmisc.sty 2014/09/06 1.5e (Carsten Heinz)
)
(D:\TCD\GPU\Paper\Report\Report_HuanxiangWang_14333168.aux
(D:\TCD\GPU\Paper\Report\chapter1.aux) (D:\TCD\GPU\Paper\Report\chapter2.aux)
(D:\TCD\GPU\Paper\Report\chapter3.aux) (D:\TCD\GPU\Paper\Report\appendix1.aux))
LaTeX Font Info:    Checking defaults for OML/cmm/m/it on input line 54.
LaTeX Font Info:    ... okay on input line 54.
LaTeX Font Info:    Checking defaults for T1/cmr/m/n on input line 54.
LaTeX Font Info:    ... okay on input line 54.
LaTeX Font Info:    Checking defaults for OT1/cmr/m/n on input line 54.
LaTeX Font Info:    ... okay on input line 54.
LaTeX Font Info:    Checking defaults for OMS/cmsy/m/n on input line 54.
LaTeX Font Info:    ... okay on input line 54.
LaTeX Font Info:    Checking defaults for OMX/cmex/m/n on input line 54.
LaTeX Font Info:    ... okay on input line 54.
LaTeX Font Info:    Checking defaults for U/cmr/m/n on input line 54.
LaTeX Font Info:    ... okay on input line 54.
("D:\Program Files (x86)\MiKTeX 2.9\tex\context\base\supp-pdf.mkii"
[Loading MPS to PDF converter (version 2006.09.02).]
\scratchcounter=\count115
\scratchdimen=\dimen122
\scratchbox=\box30
\nofMPsegments=\count116
\nofMParguments=\count117
\everyMPshowfont=\toks21
\MPscratchCnt=\count118
\MPscratchDim=\dimen123
\MPnumerator=\count119
\makeMPintoPDFobject=\count120
\everyMPtoPDFconversion=\toks22
)
\c@lstlisting=\count121
Missing character: There is no â in font cmbx12!
Missing character: There is no € in font cmbx12!
Missing character: There is no ¢ in font cmbx12!
 [1

{C:/ProgramData/MiKTeX/2.9/pdftex/config/pdftex.map}]
(D:\TCD\GPU\Paper\Report\Report_HuanxiangWang_14333168.toc)
\tf@toc=\write3
 [1

]
(D:\TCD\GPU\Paper\Report\Report_HuanxiangWang_14333168.lot)
\tf@lot=\write4
 [2


]
(D:\TCD\GPU\Paper\Report\Report_HuanxiangWang_14333168.lof)
\tf@lof=\write5
 [3


]
(D:\TCD\GPU\Paper\Report\chapter1.tex
Chapter 1.
<images/overview.png, id=18, 975.645pt x 570.63188pt>
File: images/overview.png Graphic file (type png)

<use images/overview.png>
Package pdftex.def Info: images/overview.png used on input line 6.
(pdftex.def)             Requested size: 292.69576pt x 171.19089pt.
) [1


 <D:/TCD/GPU/Paper/Report/images/overview.png>]
[2] (D:\TCD\GPU\Paper\Report\chapter2.tex
Chapter 2.

<images/single-fluffy-cumulus-cloud-sunny-day-2012-07-26.jpg, id=25, 2601.72pt 
x 1734.48pt>
File: images/single-fluffy-cumulus-cloud-sunny-day-2012-07-26.jpg Graphic file 
(type jpg)
 <use images/single-fluffy-cumulus-cloud-sunny-day-2012-07-26.jpg>
Package pdftex.def Info: images/single-fluffy-cumulus-cloud-sunny-day-2012-07-2
6.jpg used on input line 10.
(pdftex.def)             Requested size: 260.18724pt x 173.45816pt.

[3



 <D:/TCD/GPU/Paper/Report/images/single-fluffy-cumulus-cloud-sunny-day-2012-07-
26.jpg>] <images/billboards.png, id=30, 375.65344pt x 249.93375pt>
File: images/billboards.png Graphic file (type png)

<use images/billboards.png>
Package pdftex.def Info: images/billboards.png used on input line 28.
(pdftex.def)             Requested size: 225.3938pt x 149.9614pt.
 [4 <D:/TCD/GPU/Paper/Report/images/billboards.png>] <images/raymarching.png, i
d=34, 600.74437pt x 335.75438pt>
File: images/raymarching.png Graphic file (type png)

<use images/raymarching.png>
Package pdftex.def Info: images/raymarching.png used on input line 42.
(pdftex.def)             Requested size: 300.37144pt x 167.87677pt.

<images/volumerendering.png, id=35, 254.45062pt x 160.34906pt>
File: images/volumerendering.png Graphic file (type png)

<use images/volumerendering.png>
Package pdftex.def Info: images/volumerendering.png used on input line 55.
(pdftex.def)             Requested size: 254.45pt x 160.34866pt.
 [5 <D:/TCD/GPU/Paper/Report/images/raymarching.png>] <images/scattering.png, i
d=39, 402.00188pt x 289.08pt>
File: images/scattering.png Graphic file (type png)

<use images/scattering.png>
Package pdftex.def Info: images/scattering.png used on input line 69.
(pdftex.def)             Requested size: 241.20297pt x 173.44933pt.
 [6 <D:/TCD/GPU/Paper/Report/images/volumerendering.png>] <images/scatteringsce
ne.png, id=44, 307.90031pt x 127.22531pt>
File: images/scatteringscene.png Graphic file (type png)

<use images/scatteringscene.png>
Package pdftex.def Info: images/scatteringscene.png used on input line 83.
(pdftex.def)             Requested size: 307.89955pt x 127.22499pt.
 [7 <D:/TCD/GPU/Paper/Report/images/scattering.png> <D:/TCD/GPU/Paper/Report/im
ages/scatteringscene.png>]
<images/phasefunction.png, id=51, 115.93312pt x 68.50594pt>
File: images/phasefunction.png Graphic file (type png)

<use images/phasefunction.png>
Package pdftex.def Info: images/phasefunction.png used on input line 106.
(pdftex.def)             Requested size: 115.93283pt x 68.50577pt.
) [8 <D:/TCD/GPU/Paper/Report/images/phasefunction.png>] (D:\TCD\GPU\Paper\Repo
rt\chapter3.tex
Chapter 3.
<images/startandview.png, id=57, 185.19188pt x 94.85437pt>
File: images/startandview.png Graphic file (type png)

<use images/startandview.png>
Package pdftex.def Info: images/startandview.png used on input line 9.
(pdftex.def)             Requested size: 185.1914pt x 94.85413pt.

Underfull \hbox (badness 10000) in paragraph at lines 16--17

 []


Underfull \hbox (badness 10000) in paragraph at lines 16--17

 []


Underfull \hbox (badness 10000) in paragraph at lines 16--17

 []

[9



 <D:/TCD/GPU/Paper/Report/images/startandview.png>]
<images/opticaldepthintegration.png, id=62, 180.675pt x 124.96687pt>
File: images/opticaldepthintegration.png Graphic file (type png)

<use images/opticaldepthintegration.png>
Package pdftex.def Info: images/opticaldepthintegration.png used on input line 
20.
(pdftex.def)             Requested size: 180.67455pt x 124.96657pt.

<images/Noise.png, id=63, 1027.84pt x 1027.84pt>
File: images/Noise.png Graphic file (type png)
 <use images/Noise.png>
Package pdftex.def Info: images/Noise.png used on input line 30.
(pdftex.def)             Requested size: 154.16934pt x 154.16934pt.

Underfull \hbox (badness 10000) in paragraph at lines 37--38

 []


Underfull \hbox (badness 10000) in paragraph at lines 37--38

 []

[10 <D:/TCD/GPU/Paper/Report/images/opticaldepthintegration.png> <D:/TCD/GPU/Pa
per/Report/images/Noise.png>]
LaTeX Font Info:    Try loading font information for OMS+cmr on input line 41.

("D:\Program Files (x86)\MiKTeX 2.9\tex\latex\base\omscmr.fd"
File: omscmr.fd 1999/05/25 v2.5h Standard LaTeX font definitions
)
LaTeX Font Info:    Font shape `OMS/cmr/m/n' in size <8> not available
(Font)              Font shape `OMS/cmsy/m/n' tried instead on input line 41.
LaTeX Font Info:    Try loading font information for OML+cmr on input line 51.

("D:\Program Files (x86)\MiKTeX 2.9\tex\latex\base\omlcmr.fd"
File: omlcmr.fd 1999/05/25 v2.5h Standard LaTeX font definitions
)
LaTeX Font Info:    Font shape `OML/cmr/m/n' in size <8> not available
(Font)              Font shape `OML/cmm/m/it' tried instead on input line 51.
 [11]) [12]
(D:\TCD\GPU\Paper\Report\appendix1.tex
Appendix A.
) [13



] (D:\TCD\GPU\Paper\Report\biblio.tex
Overfull \hbox (4.04526pt too wide) in paragraph at lines 6--8
$[]$ 
 []


Overfull \hbox (6.2789pt too wide) in paragraph at lines 15--16
[]\OT1/cmr/m/n/12 Dobashi et al (2000) $[]$ 
 []

Missing character: There is no â in font cmr12!
Missing character: There is no € in font cmr12!
Missing character: There is no “ in font cmr12!
Missing character: There is no Ë in font cmr12!
Missing character: There is no ‡ in font cmr12!
) [14


] (D:\TCD\GPU\Paper\Report\Report_HuanxiangWang_14333168.aux
(D:\TCD\GPU\Paper\Report\chapter1.aux) (D:\TCD\GPU\Paper\Report\chapter2.aux)
(D:\TCD\GPU\Paper\Report\chapter3.aux) (D:\TCD\GPU\Paper\Report\appendix1.aux))
 ) 
Here is how much of TeX's memory you used:
 3962 strings out of 493921
 55138 string characters out of 3144851
 309429 words of memory out of 3000000
 7182 multiletter control sequences out of 15000+200000
 11382 words of font info for 41 fonts, out of 3000000 for 9000
 841 hyphenation exceptions out of 8191
 33i,14n,58p,909b,939s stack positions out of 5000i,500n,10000p,200000b,50000s
<D:/Program Files (x86)/MiKTeX 2.9/fonts/type1/public/amsfonts/cm/cmbx12.pfb>
<D:/Program Files (x86)/MiKTeX 2.9/fonts/type1/public/amsfonts/cm/cmbx8.pfb><D:
/Program Files (x86)/MiKTeX 2.9/fonts/type1/public/amsfonts/cm/cmex10.pfb><D:/P
rogram Files (x86)/MiKTeX 2.9/fonts/type1/public/amsfonts/cm/cmmi12.pfb><D:/Pro
gram Files (x86)/MiKTeX 2.9/fonts/type1/public/amsfonts/cm/cmmi8.pfb><D:/Progra
m Files (x86)/MiKTeX 2.9/fonts/type1/public/amsfonts/cm/cmr10.pfb><D:/Program F
iles (x86)/MiKTeX 2.9/fonts/type1/public/amsfonts/cm/cmr12.pfb><D:/Program File
s (x86)/MiKTeX 2.9/fonts/type1/public/amsfonts/cm/cmr17.pfb><D:/Program Files (
x86)/MiKTeX 2.9/fonts/type1/public/amsfonts/cm/cmr6.pfb><D:/Program Files (x86)
/MiKTeX 2.9/fonts/type1/public/amsfonts/cm/cmr8.pfb><D:/Program Files (x86)/MiK
TeX 2.9/fonts/type1/public/amsfonts/cm/cmsy10.pfb><D:/Program Files (x86)/MiKTe
X 2.9/fonts/type1/public/amsfonts/cm/cmsy8.pfb>
Output written on Report_HuanxiangWang_14333168.pdf (18 pages, 2327273 bytes).
PDF statistics:
 119 PDF objects out of 1000 (max. 8388607)
 0 named destinations out of 1000 (max. 500000)
 56 words of extra memory for PDF output out of 10000 (max. 10000000)

